<?xml version="1.0" encoding="utf-8"?><testsuites><testsuite name="pytest" errors="0" failures="0" skipped="0" tests="4" time="28.089" timestamp="2024-09-21T17:00:46.612025-07:00" hostname="LAPTOP-GTAT6EAA"><testcase classname="test_HomePage.TestHomePage" name="test_formSubmission[getData0]" time="6.197" /><testcase classname="test_HomePage.TestHomePage" name="test_formSubmission[getData1]" time="0.743" /><testcase classname="test_e2e.TestOne" name="test_e2e[getData0]" time="13.969" /><testcase classname="test_e2e.TestOne" name="test_e2e[getData1]" time="7.139" /></testsuite></testsuites>